app/build/intermediates/manifest_merge_blame_file/debug/manifest-merger-blame-debug-report.txt
1<?xml version="1.0" encoding="utf-8"?>
2<manifest xmlns:android="http://schemas.android.com/apk/res/android"
3    package="com.example.test3"
4    android:versionCode="1"
5    android:versionName="1.0" >
6
7    <uses-sdk
8        android:minSdkVersion="24"
9        android:targetSdkVersion="34" />
10
11    <permission
11-->[androidx.core:core:1.9.0] AndroidManifest.xml:22:5-24:47
12        android:name="com.example.test3.DYNAMIC_RECEIVER_NOT_EXPORTED_PERMISSION"
12-->[androidx.core:core:1.9.0] AndroidManifest.xml:23:9-81
13        android:protectionLevel="signature" />
13-->[androidx.core:core:1.9.0] AndroidManifest.xml:24:9-44
14
15    <uses-permission android:name="com.example.test3.DYNAMIC_RECEIVER_NOT_EXPORTED_PERMISSION" />
15-->[androidx.core:core:1.9.0] AndroidManifest.xml:26:5-97
15-->[androidx.core:core:1.9.0] AndroidManifest.xml:26:22-94
16
17    <application
17-->src\main\AndroidManifest.xml:5:5-92:19
18        android:allowBackup="true"
18-->src\main\AndroidManifest.xml:6:9-35
19        android:appComponentFactory="androidx.core.app.CoreComponentFactory"
19-->[androidx.core:core:1.9.0] AndroidManifest.xml:28:18-86
20        android:dataExtractionRules="@xml/data_extraction_rules"
20-->src\main\AndroidManifest.xml:7:9-65
21        android:debuggable="true"
22        android:extractNativeLibs="false"
23        android:fullBackupContent="@xml/backup_rules"
23-->src\main\AndroidManifest.xml:8:9-54
24        android:icon="@mipmap/ic_launcher"
24-->src\main\AndroidManifest.xml:9:9-43
25        android:label="@string/app_name"
25-->src\main\AndroidManifest.xml:10:9-41
26        android:roundIcon="@mipmap/ic_launcher_round"
26-->src\main\AndroidManifest.xml:11:9-54
27        android:supportsRtl="true"
27-->src\main\AndroidManifest.xml:12:9-35
28        android:testOnly="true"
29        android:theme="@style/Theme.Test3" >
29-->src\main\AndroidManifest.xml:13:9-43
30        <activity
30-->src\main\AndroidManifest.xml:15:9-25:20
31            android:name="com.example.test3.LoginActivity"
31-->src\main\AndroidManifest.xml:16:13-42
32            android:exported="true"
32-->src\main\AndroidManifest.xml:17:13-36
33            android:label="@string/app_name"
33-->src\main\AndroidManifest.xml:18:13-45
34            android:theme="@style/Theme.Test3.NoActionBar" >
34-->src\main\AndroidManifest.xml:19:13-59
35            <intent-filter>
35-->src\main\AndroidManifest.xml:20:13-24:29
36                <action android:name="android.intent.action.MAIN" />
36-->src\main\AndroidManifest.xml:21:17-69
36-->src\main\AndroidManifest.xml:21:25-66
37
38                <category android:name="android.intent.category.LAUNCHER" />
38-->src\main\AndroidManifest.xml:23:17-77
38-->src\main\AndroidManifest.xml:23:27-74
39            </intent-filter>
40        </activity>
41        <activity
41-->src\main\AndroidManifest.xml:27:9-36:20
42            android:name="com.example.test3.ProfileActivity"
42-->src\main\AndroidManifest.xml:28:13-44
43            android:exported="true"
43-->src\main\AndroidManifest.xml:29:13-36
44            android:label="@string/app_name"
44-->src\main\AndroidManifest.xml:30:13-45
45            android:theme="@style/Theme.Test3.NoActionBar" >
45-->src\main\AndroidManifest.xml:31:13-59
46
47            <!-- <intent-filter> -->
48            <!-- <action android:name="android.intent.action.MAIN" /> -->
49            <!-- <category android:name="android.intent.category.LAUNCHER" /> -->
50            <!-- </intent-filter> -->
51        </activity>
52        <activity
52-->src\main\AndroidManifest.xml:38:9-47:20
53            android:name="com.example.test3.MainActivity"
53-->src\main\AndroidManifest.xml:39:13-41
54            android:exported="true"
54-->src\main\AndroidManifest.xml:40:13-36
55            android:label="@string/app_name"
55-->src\main\AndroidManifest.xml:41:13-45
56            android:theme="@style/Theme.Test3.NoActionBar" >
56-->src\main\AndroidManifest.xml:42:13-59
57
58            <!-- <intent-filter> -->
59            <!-- <action android:name="android.intent.action.MAIN" /> -->
60            <!-- <category android:name="android.intent.category.LAUNCHER" /> -->
61            <!-- </intent-filter> -->
62        </activity>
63
64        <!-- <activity -->
65        <!-- android:name=".ProfileActivity" -->
66        <!-- android:exported="true" -->
67        <!-- android:label="@string/app_name" -->
68        <!-- android:theme="@style/Theme.Test3.NoActionBar"> -->
69        <!-- <intent-filter> -->
70        <!-- <action android:name="android.intent.action.MAIN" /> -->
71        <!-- <category android:name="android.intent.category.LAUNCHER" /> -->
72        <!-- </intent-filter> -->
73        <!-- </activity> -->
74
75        <activity
75-->src\main\AndroidManifest.xml:60:9-69:20
76            android:name="com.example.test3.RegisterActivity"
76-->src\main\AndroidManifest.xml:61:13-45
77            android:exported="true"
77-->src\main\AndroidManifest.xml:62:13-36
78            android:label="@string/app_name"
78-->src\main\AndroidManifest.xml:63:13-45
79            android:theme="@style/Theme.Test3.NoActionBar" >
79-->src\main\AndroidManifest.xml:64:13-59
80
81            <!-- <intent-filter> -->
82            <!-- <action android:name="android.intent.action.MAIN" /> -->
83            <!-- <category android:name="android.intent.category.LAUNCHER" /> -->
84            <!-- </intent-filter> -->
85        </activity>
86        <activity
86-->src\main\AndroidManifest.xml:71:9-79:20
87            android:name="com.example.test3.Main"
87-->src\main\AndroidManifest.xml:72:13-33
88            android:exported="true"
88-->src\main\AndroidManifest.xml:73:13-36
89            android:theme="@style/Theme.Test3.NoActionBar" >
89-->src\main\AndroidManifest.xml:74:13-59
90
91            <!-- <intent-filter> -->
92            <!-- <action android:name="android.intent.action.MAIN" /> -->
93            <!-- <category android:name="android.intent.category.LAUNCHER" /> -->
94            <!-- </intent-filter> -->
95        </activity>
96        <activity
96-->src\main\AndroidManifest.xml:81:9-85:20
97            android:name="com.example.test3.EditProfileActivity"
97-->src\main\AndroidManifest.xml:82:13-48
98            android:exported="true"
98-->src\main\AndroidManifest.xml:83:13-36
99            android:theme="@style/Theme.Test3.NoActionBar" >
99-->src\main\AndroidManifest.xml:84:13-59
100        </activity>
101        <activity
101-->src\main\AndroidManifest.xml:87:9-91:20
102            android:name="com.example.test3.FriendsActivity"
102-->src\main\AndroidManifest.xml:88:13-44
103            android:exported="true"
103-->src\main\AndroidManifest.xml:89:13-36
104            android:theme="@style/Theme.Test3.NoActionBar" >
104-->src\main\AndroidManifest.xml:90:13-59
105        </activity>
106
107        <provider
107-->[androidx.emoji2:emoji2:1.2.0] AndroidManifest.xml:24:9-32:20
108            android:name="androidx.startup.InitializationProvider"
108-->[androidx.emoji2:emoji2:1.2.0] AndroidManifest.xml:25:13-67
109            android:authorities="com.example.test3.androidx-startup"
109-->[androidx.emoji2:emoji2:1.2.0] AndroidManifest.xml:26:13-68
110            android:exported="false" >
110-->[androidx.emoji2:emoji2:1.2.0] AndroidManifest.xml:27:13-37
111            <meta-data
111-->[androidx.emoji2:emoji2:1.2.0] AndroidManifest.xml:29:13-31:52
112                android:name="androidx.emoji2.text.EmojiCompatInitializer"
112-->[androidx.emoji2:emoji2:1.2.0] AndroidManifest.xml:30:17-75
113                android:value="androidx.startup" />
113-->[androidx.emoji2:emoji2:1.2.0] AndroidManifest.xml:31:17-49
114            <meta-data
114-->[androidx.lifecycle:lifecycle-process:2.6.2] AndroidManifest.xml:29:13-31:52
115                android:name="androidx.lifecycle.ProcessLifecycleInitializer"
115-->[androidx.lifecycle:lifecycle-process:2.6.2] AndroidManifest.xml:30:17-78
116                android:value="androidx.startup" />
116-->[androidx.lifecycle:lifecycle-process:2.6.2] AndroidManifest.xml:31:17-49
117            <meta-data
117-->[androidx.profileinstaller:profileinstaller:1.3.0] AndroidManifest.xml:29:13-31:52
118                android:name="androidx.profileinstaller.ProfileInstallerInitializer"
118-->[androidx.profileinstaller:profileinstaller:1.3.0] AndroidManifest.xml:30:17-85
119                android:value="androidx.startup" />
119-->[androidx.profileinstaller:profileinstaller:1.3.0] AndroidManifest.xml:31:17-49
120        </provider>
121
122        <uses-library
122-->[androidx.window:window:1.0.0] AndroidManifest.xml:25:9-27:40
123            android:name="androidx.window.extensions"
123-->[androidx.window:window:1.0.0] AndroidManifest.xml:26:13-54
124            android:required="false" />
124-->[androidx.window:window:1.0.0] AndroidManifest.xml:27:13-37
125        <uses-library
125-->[androidx.window:window:1.0.0] AndroidManifest.xml:28:9-30:40
126            android:name="androidx.window.sidecar"
126-->[androidx.window:window:1.0.0] AndroidManifest.xml:29:13-51
127            android:required="false" />
127-->[androidx.window:window:1.0.0] AndroidManifest.xml:30:13-37
128
129        <receiver
129-->[androidx.profileinstaller:profileinstaller:1.3.0] AndroidManifest.xml:34:9-52:20
130            android:name="androidx.profileinstaller.ProfileInstallReceiver"
130-->[androidx.profileinstaller:profileinstaller:1.3.0] AndroidManifest.xml:35:13-76
131            android:directBootAware="false"
131-->[androidx.profileinstaller:profileinstaller:1.3.0] AndroidManifest.xml:36:13-44
132            android:enabled="true"
132-->[androidx.profileinstaller:profileinstaller:1.3.0] AndroidManifest.xml:37:13-35
133            android:exported="true"
133-->[androidx.profileinstaller:profileinstaller:1.3.0] AndroidManifest.xml:38:13-36
134            android:permission="android.permission.DUMP" >
134-->[androidx.profileinstaller:profileinstaller:1.3.0] AndroidManifest.xml:39:13-57
135            <intent-filter>
135-->[androidx.profileinstaller:profileinstaller:1.3.0] AndroidManifest.xml:40:13-42:29
136                <action android:name="androidx.profileinstaller.action.INSTALL_PROFILE" />
136-->[androidx.profileinstaller:profileinstaller:1.3.0] AndroidManifest.xml:41:17-91
136-->[androidx.profileinstaller:profileinstaller:1.3.0] AndroidManifest.xml:41:25-88
137            </intent-filter>
138            <intent-filter>
138-->[androidx.profileinstaller:profileinstaller:1.3.0] AndroidManifest.xml:43:13-45:29
139                <action android:name="androidx.profileinstaller.action.SKIP_FILE" />
139-->[androidx.profileinstaller:profileinstaller:1.3.0] AndroidManifest.xml:44:17-85
139-->[androidx.profileinstaller:profileinstaller:1.3.0] AndroidManifest.xml:44:25-82
140            </intent-filter>
141            <intent-filter>
141-->[androidx.profileinstaller:profileinstaller:1.3.0] AndroidManifest.xml:46:13-48:29
142                <action android:name="androidx.profileinstaller.action.SAVE_PROFILE" />
142-->[androidx.profileinstaller:profileinstaller:1.3.0] AndroidManifest.xml:47:17-88
142-->[androidx.profileinstaller:profileinstaller:1.3.0] AndroidManifest.xml:47:25-85
143            </intent-filter>
144            <intent-filter>
144-->[androidx.profileinstaller:profileinstaller:1.3.0] AndroidManifest.xml:49:13-51:29
145                <action android:name="androidx.profileinstaller.action.BENCHMARK_OPERATION" />
145-->[androidx.profileinstaller:profileinstaller:1.3.0] AndroidManifest.xml:50:17-95
145-->[androidx.profileinstaller:profileinstaller:1.3.0] AndroidManifest.xml:50:25-92
146            </intent-filter>
147        </receiver>
148    </application>
149
150</manifest>